  Server.cpp
C:\Users\Dajana\OneDrive\Desktop\ikp FINALL\ikp-projekat\projekat\common\structures.cpp(112,11): warning C4477: 'printf' : format string '%d' requires an argument of type 'int', but variadic argument 1 has type 'SOCKET'
C:\Users\Dajana\OneDrive\Desktop\ikp FINALL\ikp-projekat\projekat\common\structures.cpp(112,11): message : consider using '%lld' in the format string
C:\Users\Dajana\OneDrive\Desktop\ikp FINALL\ikp-projekat\projekat\common\structures.cpp(112,11): message : consider using '%Id' in the format string
C:\Users\Dajana\OneDrive\Desktop\ikp FINALL\ikp-projekat\projekat\common\structures.cpp(112,11): message : consider using '%I64d' in the format string
C:\Users\Dajana\OneDrive\Desktop\ikp FINALL\ikp-projekat\projekat\common\structures.cpp(115,11): warning C4477: 'printf' : format string '%d' requires an argument of type 'int', but variadic argument 1 has type 'SOCKET'
C:\Users\Dajana\OneDrive\Desktop\ikp FINALL\ikp-projekat\projekat\common\structures.cpp(115,11): message : consider using '%lld' in the format string
C:\Users\Dajana\OneDrive\Desktop\ikp FINALL\ikp-projekat\projekat\common\structures.cpp(115,11): message : consider using '%Id' in the format string
C:\Users\Dajana\OneDrive\Desktop\ikp FINALL\ikp-projekat\projekat\common\structures.cpp(115,11): message : consider using '%I64d' in the format string
C:\Users\Dajana\OneDrive\Desktop\ikp FINALL\ikp-projekat\projekat\common\structures.cpp(393,11): warning C4477: 'printf' : format string '%s' requires an argument of type 'char *', but variadic argument 1 has type 'SOCKET'
C:\Users\Dajana\OneDrive\Desktop\ikp FINALL\ikp-projekat\projekat\server\Server.cpp(52,7): warning C4101: 'dataBuffer': unreferenced local variable
C:\Users\Dajana\OneDrive\Desktop\ikp FINALL\ikp-projekat\projekat\server\Server.cpp(186,9): warning C4477: 'printf' : format string '%d' requires an argument of type 'int', but variadic argument 1 has type 'SOCKET'
C:\Users\Dajana\OneDrive\Desktop\ikp FINALL\ikp-projekat\projekat\server\Server.cpp(186,9): message : consider using '%lld' in the format string
C:\Users\Dajana\OneDrive\Desktop\ikp FINALL\ikp-projekat\projekat\server\Server.cpp(186,9): message : consider using '%Id' in the format string
C:\Users\Dajana\OneDrive\Desktop\ikp FINALL\ikp-projekat\projekat\server\Server.cpp(186,9): message : consider using '%I64d' in the format string
C:\Users\Dajana\OneDrive\Desktop\ikp FINALL\ikp-projekat\projekat\server\Server.cpp(226,14): warning C4477: 'printf' : format string '%d' requires an argument of type 'int', but variadic argument 1 has type 'SOCKET'
C:\Users\Dajana\OneDrive\Desktop\ikp FINALL\ikp-projekat\projekat\server\Server.cpp(226,14): message : consider using '%lld' in the format string
C:\Users\Dajana\OneDrive\Desktop\ikp FINALL\ikp-projekat\projekat\server\Server.cpp(226,14): message : consider using '%Id' in the format string
C:\Users\Dajana\OneDrive\Desktop\ikp FINALL\ikp-projekat\projekat\server\Server.cpp(226,14): message : consider using '%I64d' in the format string
  LINK : C:\Users\Dajana\OneDrive\Desktop\ikp FINALL\ikp-projekat\projekat\x64\Debug\server.exe not found or not built by the last incremental link; performing full link
  server.vcxproj -> C:\Users\Dajana\OneDrive\Desktop\ikp FINALL\ikp-projekat\projekat\x64\Debug\server.exe
